Active window: root|
Active window: alacritty|alacritty
Active window: alacritty|pinkman-2-1-zsh
Active window: root|
Active window: alacritty|pinkman-2-1-zsh
Active window: alacritty|pinkman-2-1-sudo
Active window: alacritty|pinkman-2-1-zsh
Active window: root|
Active window: alacritty|pinkman-2-1-zsh
Active window: root|
Active window: firefox|mozilla-firefox
Active window: firefox|restore-session-mozilla-firefox
Active window: firefox|github-rvaiya-keyd-a-key-remapping-daemon-for-linux-mozilla-firefox
Active window: firefox|mozilla-firefox
Active window: firefox|github-rvaiya-keyd-a-key-remapping-daemon-for-linux-mozilla-firefox
Active window: firefox|issues-rvaiya-keyd-github-mozilla-firefox
Active window: firefox|how-to-properly-swap-modifier-keys-issue-90-rvaiya-keyd-github-mozilla-firefox
Active window: firefox|autostart-tmux-on-alacritty-launch-pawelgrzybek-com-mozilla-firefox
Active window: firefox|how-to-properly-swap-modifier-keys-issue-90-rvaiya-keyd-github-mozilla-firefox
Active window: alacritty|pinkman-2-1-zsh
Active window: alacritty|pinkman-2-1-sudo
Active window: alacritty|pinkman-2-1-zsh
Active window: alacritty|pinkman-2-1-sudo
Active window: alacritty|pinkman-2-1-zsh
Active window: alacritty|pinkman-2-1-sudo
bind: Connection refused
Active window: firefox|how-to-properly-swap-modifier-keys-issue-90-rvaiya-keyd-github-mozilla-firefox
Active window: alacritty|pinkman-2-1-zsh
Active window: firefox|how-to-properly-swap-modifier-keys-issue-90-rvaiya-keyd-github-mozilla-firefox
Active window: alacritty|pinkman-2-1-zsh
Active window: root|
Active window: alacritty|pinkman-2-1-zsh
Active window: firefox|how-to-properly-swap-modifier-keys-issue-90-rvaiya-keyd-github-mozilla-firefox
Active window: alacritty|pinkman-2-1-zsh
Active window: alacritty|pinkman-2-1-sudo
Active window: alacritty|pinkman-2-1-zsh
Active window: root|
Active window: alacritty|pinkman-2-1-zsh
Active window: firefox|how-to-properly-swap-modifier-keys-issue-90-rvaiya-keyd-github-mozilla-firefox
Active window: alacritty|pinkman-2-1-zsh
Active window: alacritty|pinkman-2-1-sudo
Active window: alacritty|pinkman-2-1-zsh
Active window: firefox|how-to-properly-swap-modifier-keys-issue-90-rvaiya-keyd-github-mozilla-firefox
Active window: alacritty|pinkman-2-1-zsh
Active window: alacritty|pinkman-2-1-sudo
Active window: alacritty|pinkman-2-1-zsh
Active window: alacritty|pinkman-2-1-sudo
Active window: firefox|how-to-properly-swap-modifier-keys-issue-90-rvaiya-keyd-github-mozilla-firefox
Active window: alacritty|pinkman-2-1-sudo
Active window: alacritty|pinkman-2-1-zsh
Active window: alacritty|pinkman-2-1-nvim
Active window: alacritty|pinkman-2-1-zsh
Active window: firefox|how-to-properly-swap-modifier-keys-issue-90-rvaiya-keyd-github-mozilla-firefox
Active window: firefox|mozilla-firefox
Active window: firefox|change-vconsole-google-search-mozilla-firefox
Active window: firefox|mozilla-firefox
Active window: firefox|vconsole-conf-5-arch-manual-pages-mozilla-firefox
Active window: firefox|mozilla-firefox
Active window: firefox|change-vconsole-google-search-mozilla-firefox
Active window: firefox|how-to-properly-swap-modifier-keys-issue-90-rvaiya-keyd-github-mozilla-firefox
Active window: firefox|autostart-tmux-on-alacritty-launch-pawelgrzybek-com-mozilla-firefox
Active window: firefox|how-to-properly-swap-modifier-keys-issue-90-rvaiya-keyd-github-mozilla-firefox
Active window: firefox|mozilla-firefox
Active window: firefox|xorg-keyboard-configuration-archwiki-mozilla-firefox
Active window: alacritty|pinkman-2-1-zsh
Active window: firefox|xorg-keyboard-configuration-archwiki-mozilla-firefox
Active window: alacritty|pinkman-2-1-zsh
Active window: alacritty|pinkman-2-1-sudo
Active window: firefox|xorg-keyboard-configuration-archwiki-mozilla-firefox
Active window: alacritty|pinkman-2-1-sudo
Active window: alacritty|pinkman-2-1-zsh
Active window: alacritty|pinkman-2-1-sudo
Active window: alacritty|pinkman-2-1-zsh
Active window: firefox|xorg-keyboard-configuration-archwiki-mozilla-firefox
Active window: firefox|mozilla-firefox
Active window: firefox|vconsole-layouts-google-search-mozilla-firefox
Active window: firefox|mozilla-firefox
Active window: firefox|linux-console-keyboard-configuration-archwiki-mozilla-firefox
Active window: alacritty|pinkman-2-1-zsh
Active window: alacritty|pinkman-2-1-sudo
Active window: alacritty|pinkman-2-1-zsh
Active window: firefox|linux-console-keyboard-configuration-archwiki-mozilla-firefox
Active window: alacritty|pinkman-2-1-zsh
Active window: firefox|linux-console-keyboard-configuration-archwiki-mozilla-firefox
Active window: alacritty|pinkman-2-1-zsh
Active window: firefox|linux-console-keyboard-configuration-archwiki-mozilla-firefox
Active window: alacritty|pinkman-2-1-zsh
Active window: alacritty|pinkman-2-1-nvim
Active window: alacritty|pinkman-2-1-zsh
Active window: alacritty|pinkman-2-1-nvim
Active window: alacritty|pinkman-2-1-tmux
Active window: alacritty|pinkman-2-1-nvim
Active window: alacritty|pinkman-2-1-zsh
Active window: alacritty|pinkman-2-1-nvim
Active window: alacritty|pinkman-2-1-zsh
Active window: alacritty|pinkman-2-1-sudo
Active window: alacritty|pinkman-2-1-nvim
Active window: alacritty|pinkman-2-1-sudo
Active window: root|
Active window: firefox|linux-console-keyboard-configuration-archwiki-mozilla-firefox
Active window: root|
Active window: alacritty|alacritty
Active window: alacritty|pinkman-3-1-zsh
Active window: alacritty|pinkman-3-1-tmux
Active window: alacritty|pinkman-2-1-sudo
Active window: firefox|linux-console-keyboard-configuration-archwiki-mozilla-firefox
Active window: alacritty|pinkman-2-1-sudo
Active window: alacritty|pinkman-2-1-zsh
